<?xml version="1.0" encoding="UTF-8"?>
<testsuite name="com.kodilla.basic_assertion.PrimeCheckerTestSuite" tests="6" skipped="0" failures="0" errors="0" timestamp="2022-04-13T17:39:50" hostname="LAPTOP-J2NM1B6R" time="0.015">
  <properties/>
  <testcase name="shouldReturnFalseWhenPassingNegativeNumber()" classname="com.kodilla.basic_assertion.PrimeCheckerTestSuite" time="0.008"/>
  <testcase name="shouldReturnTrueWhenPassingTwo()" classname="com.kodilla.basic_assertion.PrimeCheckerTestSuite" time="0.003"/>
  <testcase name="shouldReturnFalseWhenPassingNotPrimeNumber()" classname="com.kodilla.basic_assertion.PrimeCheckerTestSuite" time="0.001"/>
  <testcase name="shouldReturnFalseWhenPassingZero()" classname="com.kodilla.basic_assertion.PrimeCheckerTestSuite" time="0.001"/>
  <testcase name="shouldReturnTrueWhenPassingPrimeNumber()" classname="com.kodilla.basic_assertion.PrimeCheckerTestSuite" time="0.001"/>
  <testcase name="shouldReturnFalseWhenPassingOne()" classname="com.kodilla.basic_assertion.PrimeCheckerTestSuite" time="0.001"/>
  <system-out><![CDATA[Test number 1
Test number 2
Test number 3
Test number 4
Test number 5
Test number 6
]]></system-out>
  <system-err><![CDATA[]]></system-err>
</testsuite>
