<?xml version="1.0" encoding="UTF-8"?>
<testsuite name="com.kodilla.bank.homework.CashMachineTestSuite" tests="7" skipped="0" failures="0" errors="0" timestamp="2022-04-13T17:39:50" hostname="LAPTOP-J2NM1B6R" time="0.007">
  <properties/>
  <testcase name="shouldCalculateNumberOfDeposits()" classname="com.kodilla.bank.homework.CashMachineTestSuite" time="0.001"/>
  <testcase name="shouldCalculateAmountOfDebets()" classname="com.kodilla.bank.homework.CashMachineTestSuite" time="0.0"/>
  <testcase name="shouldCalculateNumberOfDebets()" classname="com.kodilla.bank.homework.CashMachineTestSuite" time="0.0"/>
  <testcase name="shouldCalculateAmountOfDeposits()" classname="com.kodilla.bank.homework.CashMachineTestSuite" time="0.0"/>
  <testcase name="shouldAddTwoElementsToArray()" classname="com.kodilla.bank.homework.CashMachineTestSuite" time="0.0"/>
  <testcase name="shouldHaveZeroLength()" classname="com.kodilla.bank.homework.CashMachineTestSuite" time="0.001"/>
  <testcase name="shouldCalculateBalance()" classname="com.kodilla.bank.homework.CashMachineTestSuite" time="0.001"/>
  <system-out><![CDATA[]]></system-out>
  <system-err><![CDATA[]]></system-err>
</testsuite>
