<?xml version="1.0" encoding="UTF-8"?>
<testsuite name="com.kodilla.basic_assertion.CalculatorTestSuite" tests="5" skipped="0" failures="0" errors="0" timestamp="2022-04-03T12:20:57" hostname="LAPTOP-J2NM1B6R" time="0.031">
  <properties/>
  <testcase name="testMultiplicationZero()" classname="com.kodilla.basic_assertion.CalculatorTestSuite" time="0.018"/>
  <testcase name="testSum()" classname="com.kodilla.basic_assertion.CalculatorTestSuite" time="0.001"/>
  <testcase name="testSubtract()" classname="com.kodilla.basic_assertion.CalculatorTestSuite" time="0.001"/>
  <testcase name="testMultiplicationPositive()" classname="com.kodilla.basic_assertion.CalculatorTestSuite" time="0.002"/>
  <testcase name="testMultiplicationNegative()" classname="com.kodilla.basic_assertion.CalculatorTestSuite" time="0.001"/>
  <system-out><![CDATA[]]></system-out>
  <system-err><![CDATA[]]></system-err>
</testsuite>
