<?xml version="1.0" encoding="UTF-8"?>
<testsuite name="com.kodilla.parametrized_tests.StringValidatorTestSuite" tests="4" skipped="0" failures="0" errors="0" timestamp="2022-05-18T20:14:15" hostname="LAPTOP-J2NM1B6R" time="0.016">
  <properties/>
  <testcase name="shouldReturnTrueIfStringIsEmpty()" classname="com.kodilla.parametrized_tests.StringValidatorTestSuite" time="0.01"/>
  <testcase name="shouldReturnTrueIfStringIsNull()" classname="com.kodilla.parametrized_tests.StringValidatorTestSuite" time="0.001"/>
  <testcase name="shouldReturnFalseIfStringIsNotEmpty()" classname="com.kodilla.parametrized_tests.StringValidatorTestSuite" time="0.002"/>
  <testcase name="shouldReturnTrueIfStringHasOnlySpaces()" classname="com.kodilla.parametrized_tests.StringValidatorTestSuite" time="0.0"/>
  <system-out><![CDATA[]]></system-out>
  <system-err><![CDATA[]]></system-err>
</testsuite>
