<?xml version="1.0" encoding="UTF-8"?>
<testsuite name="com.kodilla.collections.adv.exercises.homework.FlightFinderTest" tests="1" skipped="0" failures="0" errors="0" timestamp="2022-05-04T20:14:23" hostname="LAPTOP-J2NM1B6R" time="0.025">
  <properties/>
  <testcase name="findFlightsTo()" classname="com.kodilla.collections.adv.exercises.homework.FlightFinderTest" time="0.025"/>
  <system-out><![CDATA[]]></system-out>
  <system-err><![CDATA[]]></system-err>
</testsuite>
